<?xml version="1.0" encoding="UTF-8"?>
<testsuite xmlns:xsi="http://www.w3.org/2001/XMLSchema-instance" xsi:noNamespaceSchemaLocation="https://maven.apache.org/surefire/maven-surefire-plugin/xsd/surefire-test-report-3.0.xsd" version="3.0" name="artifactory.test.AppTest" time="0.068" tests="1" errors="0" skipped="0" failures="0">
  <properties>
    <property name="java.specification.version" value="17"/>
    <property name="sun.jnu.encoding" value="UTF-8"/>
    <property name="java.class.path" value="/Users/yoavh/Downloads/project-examples/maven-examples/maven-example/multi1/target/test-classes:/Users/yoavh/Downloads/project-examples/maven-examples/maven-example/multi1/target/classes:/Users/yoavh/.m2/repository/org/apache/commons/commons-email/1.1/commons-email-1.1.jar:/Users/yoavh/.m2/repository/javax/mail/mail/1.4/mail-1.4.jar:/Users/yoavh/.m2/repository/javax/activation/activation/1.1/activation-1.1.jar:/Users/yoavh/.m2/repository/org/codehaus/plexus/plexus-utils/1.5.1/plexus-utils-1.5.1.jar:/Users/yoavh/.m2/repository/javax/servlet/jsp/jsp-api/2.1/jsp-api-2.1.jar:/Users/yoavh/.m2/repository/commons-io/commons-io/1.4/commons-io-1.4.jar:/Users/yoavh/.m2/repository/org/springframework/spring-aop/2.5.6/spring-aop-2.5.6.jar:/Users/yoavh/.m2/repository/aopalliance/aopalliance/1.0/aopalliance-1.0.jar:/Users/yoavh/.m2/repository/commons-logging/commons-logging/1.1.1/commons-logging-1.1.1.jar:/Users/yoavh/.m2/repository/org/springframework/spring-beans/2.5.6/spring-beans-2.5.6.jar:/Users/yoavh/.m2/repository/org/springframework/spring-core/2.5.6/spring-core-2.5.6.jar:/Users/yoavh/.m2/repository/org/testng/testng/5.9/testng-5.9-jdk15.jar:/Users/yoavh/.m2/repository/junit/junit/3.8.1/junit-3.8.1.jar:"/>
    <property name="java.vm.vendor" value="Eclipse Adoptium"/>
    <property name="sun.arch.data.model" value="64"/>
    <property name="java.vendor.url" value="https://adoptium.net/"/>
    <property name="user.timezone" value="Asia/Jerusalem"/>
    <property name="os.name" value="Mac OS X"/>
    <property name="java.vm.specification.version" value="17"/>
    <property name="sun.java.launcher" value="SUN_STANDARD"/>
    <property name="user.country" value="IL"/>
    <property name="sun.boot.library.path" value="/Library/Java/JavaVirtualMachines/temurin-17.jdk/Contents/Home/lib"/>
    <property name="sun.java.command" value="/Users/yoavh/Downloads/project-examples/maven-examples/maven-example/multi1/target/surefire/surefirebooter-20240708175252240_3.jar /Users/yoavh/Downloads/project-examples/maven-examples/maven-example/multi1/target/surefire 2024-07-08T17-52-52_201-jvmRun1 surefire-20240708175252240_1tmp surefire_0-20240708175252240_2tmp"/>
    <property name="http.nonProxyHosts" value="local|*.local|169.254/16|*.169.254/16"/>
    <property name="jdk.debug" value="release"/>
    <property name="surefire.test.class.path" value="/Users/yoavh/Downloads/project-examples/maven-examples/maven-example/multi1/target/test-classes:/Users/yoavh/Downloads/project-examples/maven-examples/maven-example/multi1/target/classes:/Users/yoavh/.m2/repository/org/apache/commons/commons-email/1.1/commons-email-1.1.jar:/Users/yoavh/.m2/repository/javax/mail/mail/1.4/mail-1.4.jar:/Users/yoavh/.m2/repository/javax/activation/activation/1.1/activation-1.1.jar:/Users/yoavh/.m2/repository/org/codehaus/plexus/plexus-utils/1.5.1/plexus-utils-1.5.1.jar:/Users/yoavh/.m2/repository/javax/servlet/jsp/jsp-api/2.1/jsp-api-2.1.jar:/Users/yoavh/.m2/repository/commons-io/commons-io/1.4/commons-io-1.4.jar:/Users/yoavh/.m2/repository/org/springframework/spring-aop/2.5.6/spring-aop-2.5.6.jar:/Users/yoavh/.m2/repository/aopalliance/aopalliance/1.0/aopalliance-1.0.jar:/Users/yoavh/.m2/repository/commons-logging/commons-logging/1.1.1/commons-logging-1.1.1.jar:/Users/yoavh/.m2/repository/org/springframework/spring-beans/2.5.6/spring-beans-2.5.6.jar:/Users/yoavh/.m2/repository/org/springframework/spring-core/2.5.6/spring-core-2.5.6.jar:/Users/yoavh/.m2/repository/org/testng/testng/5.9/testng-5.9-jdk15.jar:/Users/yoavh/.m2/repository/junit/junit/3.8.1/junit-3.8.1.jar:"/>
    <property name="sun.cpu.endian" value="little"/>
    <property name="user.home" value="/Users/yoavh"/>
    <property name="user.language" value="en"/>
    <property name="java.specification.vendor" value="Oracle Corporation"/>
    <property name="java.version.date" value="2023-08-24"/>
    <property name="java.home" value="/Library/Java/JavaVirtualMachines/temurin-17.jdk/Contents/Home"/>
    <property name="file.separator" value="/"/>
    <property name="basedir" value="/Users/yoavh/Downloads/project-examples/maven-examples/maven-example/multi1"/>
    <property name="java.vm.compressedOopsMode" value="Zero based"/>
    <property name="line.separator" value="&#10;"/>
    <property name="java.vm.specification.vendor" value="Oracle Corporation"/>
    <property name="java.specification.name" value="Java Platform API Specification"/>
    <property name="surefire.real.class.path" value="/Users/yoavh/Downloads/project-examples/maven-examples/maven-example/multi1/target/surefire/surefirebooter-20240708175252240_3.jar"/>
    <property name="sun.management.compiler" value="HotSpot 64-Bit Tiered Compilers"/>
    <property name="ftp.nonProxyHosts" value="local|*.local|169.254/16|*.169.254/16"/>
    <property name="java.runtime.version" value="17.0.8.1+1"/>
    <property name="user.name" value="yoavh"/>
    <property name="path.separator" value=":"/>
    <property name="os.version" value="14.5"/>
    <property name="java.runtime.name" value="OpenJDK Runtime Environment"/>
    <property name="file.encoding" value="UTF-8"/>
    <property name="java.vm.name" value="OpenJDK 64-Bit Server VM"/>
    <property name="java.vendor.version" value="Temurin-17.0.8.1+1"/>
    <property name="localRepository" value="/Users/yoavh/.m2/repository"/>
    <property name="java.vendor.url.bug" value="https://github.com/adoptium/adoptium-support/issues"/>
    <property name="java.io.tmpdir" value="/var/folders/6r/8ht7wkdx7dvfl2_79d46n25r0000gq/T/"/>
    <property name="java.version" value="17.0.8.1"/>
    <property name="user.dir" value="/Users/yoavh/Downloads/project-examples/maven-examples/maven-example/multi1"/>
    <property name="os.arch" value="aarch64"/>
    <property name="java.vm.specification.name" value="Java Virtual Machine Specification"/>
    <property name="native.encoding" value="UTF-8"/>
    <property name="java.library.path" value="/Users/yoavh/Library/Java/Extensions:/Library/Java/Extensions:/Network/Library/Java/Extensions:/System/Library/Java/Extensions:/usr/lib/java:."/>
    <property name="java.vm.info" value="mixed mode"/>
    <property name="java.vendor" value="Eclipse Adoptium"/>
    <property name="java.vm.version" value="17.0.8.1+1"/>
    <property name="sun.io.unicode.encoding" value="UnicodeBig"/>
    <property name="socksNonProxyHosts" value="local|*.local|169.254/16|*.169.254/16"/>
    <property name="java.class.version" value="61.0"/>
  </properties>
  <testcase name="testApp" classname="artifactory.test.AppTest" time="0.04"/>
</testsuite>